<?xml version="1.0" encoding="UTF-8"?>
<!-- Generated by org.testng.reporters.JUnitXMLReporter -->
<testsuite ignored="6" hostname="P2908-W10" failures="0" tests="3" name="Default test" time="16.957" errors="0" timestamp="2021-10-06T16:17:11 CEST">
  <testcase classname="tests.TestMovimientos" name="testNoGrupoNoEmpresa" time="2.558"/>
  <testcase classname="tests.TestMovimientos" name="testNoGrupoNoEmpresa" time="2.375"/>
  <testcase classname="tests.TestMovimientos" name="testNoGrupoNoEmpresa" time="2.395"/>
  <testcase classname="tests.TestMovimientos" name="testGuardarFiltro" time="0.0">
    <ignored/>
  </testcase> <!-- testGuardarFiltro -->
  <testcase classname="tests.TestMovimientos" name="testLimpiarFiltros" time="0.0">
    <ignored/>
  </testcase> <!-- testLimpiarFiltros -->
  <testcase classname="tests.TestMovimientos" name="testBorrarFiltro" time="0.0">
    <ignored/>
  </testcase> <!-- testBorrarFiltro -->
  <testcase classname="tests.TestMovimientos" name="testFiltroSinNombre" time="0.0">
    <ignored/>
  </testcase> <!-- testFiltroSinNombre -->
  <testcase classname="tests.TestMovimientos" name="testSeleccionarFiltro" time="0.0">
    <ignored/>
  </testcase> <!-- testSeleccionarFiltro -->
  <testcase classname="tests.TestMovimientos" name="testMovimientos" time="0.0">
    <ignored/>
  </testcase> <!-- testMovimientos -->
</testsuite> <!-- Default test -->
