<?xml version="1.0" encoding="UTF-8"?>
<!-- Generated by org.testng.reporters.JUnitXMLReporter -->
<testsuite ignored="0" hostname="P2908-W10" failures="0" tests="27" name="Test Totales de Tarjeta" time="248.327" errors="0" timestamp="2021-08-24T08:48:14 CEST">
  <testcase classname="tests.TestTotalesTarjeta" name="testBorrarFiltro" time="5.259"/>
  <testcase classname="tests.TestTotalesTarjeta" name="testFiltroSinNombre" time="3.802"/>
  <testcase classname="tests.TestTotalesTarjeta" name="testGuardarFiltro" time="5.038"/>
  <testcase classname="tests.TestTotalesTarjeta" name="testLimpiarFiltros" time="4.544"/>
  <testcase classname="tests.TestTotalesTarjeta" name="testNoGrupoNoEmpresa" time="3.762"/>
  <testcase classname="tests.TestTotalesTarjeta" name="testSeleccionarFiltro" time="4.122"/>
  <testcase classname="tests.TestTotalesTarjeta" name="testTotalesTajeta" time="3.981"/>
  <testcase classname="tests.TestTotalesTarjetaAdminGrupo" name="testBorrarFiltro" time="7.072"/>
  <testcase classname="tests.TestTotalesTarjetaAdminGrupo" name="testFiltroSinNombre" time="5.494"/>
  <testcase classname="tests.TestTotalesTarjetaAdminGrupo" name="testGuardarFiltro" time="5.422"/>
  <testcase classname="tests.TestTotalesTarjetaAdminGrupo" name="testLimpiarFiltros" time="4.886"/>
  <testcase classname="tests.TestTotalesTarjetaAdminGrupo" name="testNoGrupoNoEmpresa" time="6.602"/>
  <testcase classname="tests.TestTotalesTarjetaAdminGrupo" name="testSeleccionarFiltro" time="6.532"/>
  <testcase classname="tests.TestTotalesTarjetaAdminGrupo" name="testTotales" time="5.283"/>
  <testcase classname="tests.TestTotalesTarjetaAdminEmpresa" name="testBorrarFiltro" time="4.849"/>
  <testcase classname="tests.TestTotalesTarjetaAdminEmpresa" name="testFiltroSinNombre" time="5.216"/>
  <testcase classname="tests.TestTotalesTarjetaAdminEmpresa" name="testGuardarFiltro" time="6.675"/>
  <testcase classname="tests.TestTotalesTarjetaAdminEmpresa" name="testLimpiarFiltros" time="5.198"/>
  <testcase classname="tests.TestTotalesTarjetaAdminEmpresa" name="testNoEmpresa" time="4.819"/>
  <testcase classname="tests.TestTotalesTarjetaAdminEmpresa" name="testSeleccionarFiltro" time="5.425"/>
  <testcase classname="tests.TestTotalesTarjetaAdminEmpresa" name="testTotales" time="5.959"/>
  <testcase classname="tests.TestTotalesTarjetaTitular" name="testBorrarFiltro" time="6.04"/>
  <testcase classname="tests.TestTotalesTarjetaTitular" name="testFiltroSinNombre" time="5.033"/>
  <testcase classname="tests.TestTotalesTarjetaTitular" name="testGuardarFiltro" time="5.103"/>
  <testcase classname="tests.TestTotalesTarjetaTitular" name="testLimpiarFiltros" time="4.793"/>
  <testcase classname="tests.TestTotalesTarjetaTitular" name="testSeleccionarFiltro" time="5.43"/>
  <testcase classname="tests.TestTotalesTarjetaTitular" name="testTotales" time="6.432"/>
</testsuite> <!-- Test Totales de Tarjeta -->
