<?xml version="1.0" encoding="UTF-8"?>
<!-- Generated by org.testng.reporters.JUnitXMLReporter -->
<testsuite ignored="0" hostname="P2908-W10" failures="0" tests="6" name="Test Consultas Online" time="55.846" errors="0" timestamp="2021-08-24T08:53:31 CEST">
  <testcase classname="tests.TestConsultasOnline" name="consultaOnline" time="5.392"/>
  <testcase classname="tests.TestConsultasOnline" name="consultaOnline" time="5.731"/>
  <testcase classname="tests.TestConsultasOnline" name="consultaOnline" time="5.441"/>
  <testcase classname="tests.TestConsultasOnlineAdminGrupo" name="consultaOnline" time="5.426"/>
  <testcase classname="tests.TestConsultasOnlineAdminEmpresa" name="consultaOnline" time="5.512"/>
  <testcase classname="tests.TestConsultasOnlineTitular" name="consultaOnline" time="4.419"/>
</testsuite> <!-- Test Consultas Online -->
