<?xml version="1.0" encoding="UTF-8"?>
<!-- Generated by org.testng.reporters.JUnitXMLReporter -->
<testsuite ignored="0" hostname="P2908-W10" failures="1" tests="27" name="Test Datos de Tarjetas" time="261.268" errors="0" timestamp="2021-08-24T08:52:36 CEST">
  <testcase classname="tests.TestDatosTarjetas" name="testBorrarFiltro" time="6.067"/>
  <testcase classname="tests.TestDatosTarjetas" name="testDatosTarjetas" time="4.958"/>
  <testcase classname="tests.TestDatosTarjetas" name="testFiltroSinNombre" time="4.766"/>
  <testcase classname="tests.TestDatosTarjetas" name="testGuardarFiltro" time="4.409"/>
  <testcase classname="tests.TestDatosTarjetas" name="testLimpiarFiltros" time="5.359"/>
  <testcase classname="tests.TestDatosTarjetas" name="testNoGrupoNoEmpresa" time="4.976"/>
  <testcase classname="tests.TestDatosTarjetas" name="testSeleccionarFiltro" time="5.192"/>
  <testcase classname="tests.TestDatosTarjetasAdminGrupo" name="testBorrarFiltro" time="5.677"/>
  <testcase classname="tests.TestDatosTarjetasAdminGrupo" name="testDatosTarjetas" time="4.715"/>
  <testcase classname="tests.TestDatosTarjetasAdminGrupo" name="testFiltroSinNombre" time="4.846"/>
  <testcase classname="tests.TestDatosTarjetasAdminGrupo" name="testGuardarFiltro" time="4.628"/>
  <testcase classname="tests.TestDatosTarjetasAdminGrupo" name="testLimpiarFiltros" time="3.623"/>
  <testcase classname="tests.TestDatosTarjetasAdminGrupo" name="testNoGrupoNoEmpresa" time="4.366"/>
  <testcase classname="tests.TestDatosTarjetasAdminGrupo" name="testSeleccionarFiltro" time="7.369"/>
  <testcase classname="tests.TestDatosTarjetasAdminEmpresa" name="testBorrarFiltro" time="4.816"/>
  <testcase classname="tests.TestDatosTarjetasAdminEmpresa" name="testDatosTarjetas" time="5.489"/>
  <testcase classname="tests.TestDatosTarjetasAdminEmpresa" name="testFiltroSinNombre" time="4.391"/>
  <testcase classname="tests.TestDatosTarjetasAdminEmpresa" name="testGuardarFiltro" time="5.401"/>
  <testcase classname="tests.TestDatosTarjetasAdminEmpresa" name="testLimpiarFiltros" time="6.443"/>
  <testcase classname="tests.TestDatosTarjetasAdminEmpresa" name="testNoEmpresa" time="5.135"/>
  <testcase classname="tests.TestDatosTarjetasAdminEmpresa" name="testSeleccionarFiltro" time="6.815"/>
  <testcase classname="tests.TestDatosTarjetasTitular" name="testBorrarFiltro" time="14.66">
    <failure type="org.openqa.selenium.TimeoutException" message="Expected condition failed: waiting for element to be clickable: By.id: bDelete (tried for 10 second(s) with 500 milliseconds interval)
Build info: version: &amp;apos;3.141.59&amp;apos;, revision: &amp;apos;e82be7d358&amp;apos;, time: &amp;apos;2018-11-14T08:17:03&amp;apos;
System info: host: &amp;apos;P2908-W10&amp;apos;, ip: &amp;apos;172.16.184.180&amp;apos;, os.name: &amp;apos;Windows 10&amp;apos;, os.arch: &amp;apos;amd64&amp;apos;, os.version: &amp;apos;10.0&amp;apos;, java.version: &amp;apos;15.0.2&amp;apos;
Driver info: org.openqa.selenium.chrome.ChromeDriver
Capabilities {acceptInsecureCerts: false, browserName: chrome, browserVersion: 92.0.4515.159, chrome: {chromedriverVersion: 91.0.4472.19 (1bf021f248676..., userDataDir: C:\Users\s6169rc\AppData\Lo...}, goog:chromeOptions: {debuggerAddress: localhost:62633}, javascriptEnabled: true, networkConnectionEnabled: false, pageLoadStrategy: normal, platform: WINDOWS, platformName: WINDOWS, proxy: Proxy(), setWindowRect: true, strictFileInteractability: false, timeouts: {implicit: 0, pageLoad: 300000, script: 30000}, unhandledPromptBehavior: dismiss and notify, webauthn:extension:largeBlob: true, webauthn:virtualAuthenticators: true}
Session ID: bd84914b7c44f17c0c81513e3f791f44">
      <![CDATA[org.openqa.selenium.TimeoutException: Expected condition failed: waiting for element to be clickable: By.id: bDelete (tried for 10 second(s) with 500 milliseconds interval)
Build info: version: '3.141.59', revision: 'e82be7d358', time: '2018-11-14T08:17:03'
System info: host: 'P2908-W10', ip: '172.16.184.180', os.name: 'Windows 10', os.arch: 'amd64', os.version: '10.0', java.version: '15.0.2'
Driver info: org.openqa.selenium.chrome.ChromeDriver
Capabilities {acceptInsecureCerts: false, browserName: chrome, browserVersion: 92.0.4515.159, chrome: {chromedriverVersion: 91.0.4472.19 (1bf021f248676..., userDataDir: C:\Users\s6169rc\AppData\Lo...}, goog:chromeOptions: {debuggerAddress: localhost:62633}, javascriptEnabled: true, networkConnectionEnabled: false, pageLoadStrategy: normal, platform: WINDOWS, platformName: WINDOWS, proxy: Proxy(), setWindowRect: true, strictFileInteractability: false, timeouts: {implicit: 0, pageLoad: 300000, script: 30000}, unhandledPromptBehavior: dismiss and notify, webauthn:extension:largeBlob: true, webauthn:virtualAuthenticators: true}
Session ID: bd84914b7c44f17c0c81513e3f791f44
at org.openqa.selenium.support.ui.WebDriverWait.timeoutException(WebDriverWait.java:95)
at org.openqa.selenium.support.ui.FluentWait.until(FluentWait.java:272)
at pages.DatosTarjetasPage.clicarBorrarFiltro(DatosTarjetasPage.java:123)
at tests.TestDatosTarjetasTitular.testBorrarFiltro(TestDatosTarjetasTitular.java:80)
at java.base/java.util.ArrayList.forEach(ArrayList.java:1511)
... Removed 27 stack frames]]>
    </failure>
  </testcase> <!-- testBorrarFiltro -->
  <testcase classname="tests.TestDatosTarjetasTitular" name="testDatosTarjetas" time="8.368"/>
  <testcase classname="tests.TestDatosTarjetasTitular" name="testFiltroSinNombre" time="4.899"/>
  <testcase classname="tests.TestDatosTarjetasTitular" name="testGuardarFiltro" time="5.905"/>
  <testcase classname="tests.TestDatosTarjetasTitular" name="testLimpiarFiltros" time="4.404"/>
  <testcase classname="tests.TestDatosTarjetasTitular" name="testSeleccionarFiltro" time="6.214"/>
</testsuite> <!-- Test Datos de Tarjetas -->
