<?xml version="1.0" encoding="UTF-8"?>
<!-- Generated by org.testng.reporters.JUnitXMLReporter -->
<testsuite ignored="0" hostname="P2908-W10" failures="0" tests="41" name="Test Movimientos" time="371.75" errors="0" timestamp="2021-08-24T08:39:59 CEST">
  <testcase classname="tests.TestMovimientos" name="testBorrarFiltro" time="6.165"/>
  <testcase classname="tests.TestMovimientos" name="testBorrarFiltro" time="4.599"/>
  <testcase classname="tests.TestMovimientos" name="testBorrarFiltro" time="4.557"/>
  <testcase classname="tests.TestMovimientos" name="testFiltroSinNombre" time="5.051"/>
  <testcase classname="tests.TestMovimientos" name="testFiltroSinNombre" time="4.572"/>
  <testcase classname="tests.TestMovimientos" name="testFiltroSinNombre" time="4.883"/>
  <testcase classname="tests.TestMovimientos" name="testGuardarFiltro" time="7.335"/>
  <testcase classname="tests.TestMovimientos" name="testGuardarFiltro" time="5.617"/>
  <testcase classname="tests.TestMovimientos" name="testGuardarFiltro" time="9.262"/>
  <testcase classname="tests.TestMovimientos" name="testLimpiarFiltros" time="5.79"/>
  <testcase classname="tests.TestMovimientos" name="testLimpiarFiltros" time="5.661"/>
  <testcase classname="tests.TestMovimientos" name="testLimpiarFiltros" time="5.749"/>
  <testcase classname="tests.TestMovimientos" name="testMovimientos" time="5.296"/>
  <testcase classname="tests.TestMovimientos" name="testMovimientos" time="4.915"/>
  <testcase classname="tests.TestMovimientos" name="testMovimientos" time="5.273"/>
  <testcase classname="tests.TestMovimientos" name="testNoGrupoNoEmpresa" time="3.01"/>
  <testcase classname="tests.TestMovimientos" name="testNoGrupoNoEmpresa" time="3.854"/>
  <testcase classname="tests.TestMovimientos" name="testNoGrupoNoEmpresa" time="3.169"/>
  <testcase classname="tests.TestMovimientos" name="testSeleccionarFiltro" time="5.209"/>
  <testcase classname="tests.TestMovimientos" name="testSeleccionarFiltro" time="5.984"/>
  <testcase classname="tests.TestMovimientos" name="testSeleccionarFiltro" time="5.264"/>
  <testcase classname="tests.TestMovimientosAdminGrupo" name="testBorrarFiltro" time="4.857"/>
  <testcase classname="tests.TestMovimientosAdminGrupo" name="testFiltroSinNombre" time="3.134"/>
  <testcase classname="tests.TestMovimientosAdminGrupo" name="testGuardarFiltro" time="5.516"/>
  <testcase classname="tests.TestMovimientosAdminGrupo" name="testLimpiarFiltros" time="4.496"/>
  <testcase classname="tests.TestMovimientosAdminGrupo" name="testMovimientos" time="4.987"/>
  <testcase classname="tests.TestMovimientosAdminGrupo" name="testNoGrupoNoEmpresa" time="5.038"/>
  <testcase classname="tests.TestMovimientosAdminGrupo" name="testSeleccionarFiltro" time="5.75"/>
  <testcase classname="tests.TestMovimientosAdminEmpresa" name="testBorrarFiltro" time="5.122"/>
  <testcase classname="tests.TestMovimientosAdminEmpresa" name="testFiltroSinNombre" time="4.477"/>
  <testcase classname="tests.TestMovimientosAdminEmpresa" name="testGuardarFiltro" time="6.372"/>
  <testcase classname="tests.TestMovimientosAdminEmpresa" name="testLimpiarFiltros" time="5.319"/>
  <testcase classname="tests.TestMovimientosAdminEmpresa" name="testMovimientos" time="5.195"/>
  <testcase classname="tests.TestMovimientosAdminEmpresa" name="testNoEmpresa" time="4.254"/>
  <testcase classname="tests.TestMovimientosAdminEmpresa" name="testSeleccionarFiltro" time="6.002"/>
  <testcase classname="tests.TestMovimientosTitular" name="testBorrarFiltro" time="5.589"/>
  <testcase classname="tests.TestMovimientosTitular" name="testFiltroSinNombre" time="5.465"/>
  <testcase classname="tests.TestMovimientosTitular" name="testGuardarFiltro" time="5.379"/>
  <testcase classname="tests.TestMovimientosTitular" name="testLimpiarFiltros" time="3.777"/>
  <testcase classname="tests.TestMovimientosTitular" name="testMovimientos" time="4.221"/>
  <testcase classname="tests.TestMovimientosTitular" name="testSeleccionarFiltro" time="6.553"/>
</testsuite> <!-- Test Movimientos -->
