<?xml version="1.0" encoding="UTF-8"?>
<!-- Generated by org.testng.reporters.JUnitXMLReporter -->
<testsuite ignored="0" hostname="P2908-W10" failures="1" tests="130" name="Test" time="1091.7" errors="0" timestamp="2021-06-08T11:55:45 CEST">
  <testcase classname="tests.TestLiquidacionTarjetas" name="testBorrarFiltro" time="7.591"/>
  <testcase classname="tests.TestLiquidacionTarjetas" name="testFiltroSinNombre" time="3.789"/>
  <testcase classname="tests.TestLiquidacionTarjetas" name="testGuardarFiltro" time="5.022"/>
  <testcase classname="tests.TestLiquidacionTarjetas" name="testLimpiarFiltros" time="4.032"/>
  <testcase classname="tests.TestLiquidacionTarjetas" name="testLiquidaciones" time="5.103"/>
  <testcase classname="tests.TestLiquidacionTarjetas" name="testNoGrupoNoEmpresa" time="3.571"/>
  <testcase classname="tests.TestLiquidacionTarjetas" name="testSeleccionarFiltro" time="5.229"/>
  <testcase classname="tests.TestDatosTarjetasTitular" name="testBorrarFiltro" time="5.232"/>
  <testcase classname="tests.TestDatosTarjetasTitular" name="testDatosTarjetas" time="5.168"/>
  <testcase classname="tests.TestDatosTarjetasTitular" name="testFiltroSinNombre" time="4.324"/>
  <testcase classname="tests.TestDatosTarjetasTitular" name="testGuardarFiltro" time="4.635"/>
  <testcase classname="tests.TestDatosTarjetasTitular" name="testLimpiarFiltros" time="3.963"/>
  <testcase classname="tests.TestDatosTarjetasTitular" name="testSeleccionarFiltro" time="5.354"/>
  <testcase classname="tests.TestLiquidacionTarjetasAdminGrupo" name="testBorrarFiltro" time="5.37"/>
  <testcase classname="tests.TestLiquidacionTarjetasAdminGrupo" name="testFiltroSinNombre" time="4.448"/>
  <testcase classname="tests.TestLiquidacionTarjetasAdminGrupo" name="testGuardarFiltro" time="5.528"/>
  <testcase classname="tests.TestLiquidacionTarjetasAdminGrupo" name="testLimpiarFiltros" time="4.835"/>
  <testcase classname="tests.TestLiquidacionTarjetasAdminGrupo" name="testLiquidaciones" time="7.08"/>
  <testcase classname="tests.TestLiquidacionTarjetasAdminGrupo" name="testNoGrupoNoEmpresa" time="5.557"/>
  <testcase classname="tests.TestLiquidacionTarjetasAdminGrupo" name="testSeleccionarFiltro" time="5.135"/>
  <testcase classname="tests.TestMovimientosAdminEmpresa" name="testBorrarFiltro" time="5.862"/>
  <testcase classname="tests.TestMovimientosAdminEmpresa" name="testFiltroSinNombre" time="4.419"/>
  <testcase classname="tests.TestMovimientosAdminEmpresa" name="testGuardarFiltro" time="5.224"/>
  <testcase classname="tests.TestMovimientosAdminEmpresa" name="testLimpiarFiltros" time="5.232"/>
  <testcase classname="tests.TestMovimientosAdminEmpresa" name="testMovimientos" time="6.125"/>
  <testcase classname="tests.TestMovimientosAdminEmpresa" name="testNoEmpresa" time="3.974"/>
  <testcase classname="tests.TestMovimientosAdminEmpresa" name="testSeleccionarFiltro" time="5.204"/>
  <testcase classname="tests.TestConsultasOnlineTitular" name="consultaOnline" time="3.966"/>
  <testcase classname="tests.TestTotalesTarjetaTitular" name="testBorrarFiltro" time="5.067"/>
  <testcase classname="tests.TestTotalesTarjetaTitular" name="testFiltroSinNombre" time="4.998"/>
  <testcase classname="tests.TestTotalesTarjetaTitular" name="testGuardarFiltro" time="5.174"/>
  <testcase classname="tests.TestTotalesTarjetaTitular" name="testLimpiarFiltros" time="4.437"/>
  <testcase classname="tests.TestTotalesTarjetaTitular" name="testSeleccionarFiltro" time="14.588">
    <failure type="org.openqa.selenium.TimeoutException" message="Expected condition failed: waiting for element found by By.xpath: //*[@id=&amp;quot;tb-tarjetas&amp;quot;]/tbody/tr/td[7] to have text &amp;quot;GARCIA JUAN BANDERA&amp;quot;. Current text: &amp;quot;null&amp;quot; (tried for 10 second(s) with 500 milliseconds interval)
Build info: version: &amp;apos;3.141.59&amp;apos;, revision: &amp;apos;e82be7d358&amp;apos;, time: &amp;apos;2018-11-14T08:17:03&amp;apos;
System info: host: &amp;apos;P2908-W10&amp;apos;, ip: &amp;apos;10.181.2.164&amp;apos;, os.name: &amp;apos;Windows 10&amp;apos;, os.arch: &amp;apos;amd64&amp;apos;, os.version: &amp;apos;10.0&amp;apos;, java.version: &amp;apos;15.0.2&amp;apos;
Driver info: org.openqa.selenium.chrome.ChromeDriver
Capabilities {acceptInsecureCerts: false, browserName: chrome, browserVersion: 91.0.4472.77, chrome: {chromedriverVersion: 91.0.4472.19 (1bf021f248676..., userDataDir: C:\Users\s6169rc\AppData\Lo...}, goog:chromeOptions: {debuggerAddress: localhost:52513}, javascriptEnabled: true, networkConnectionEnabled: false, pageLoadStrategy: normal, platform: WINDOWS, platformName: WINDOWS, proxy: Proxy(), setWindowRect: true, strictFileInteractability: false, timeouts: {implicit: 0, pageLoad: 300000, script: 30000}, unhandledPromptBehavior: dismiss and notify, webauthn:extension:largeBlob: true, webauthn:virtualAuthenticators: true}
Session ID: 60d8f955e28ba13daa5a682d860ffe50">
      <![CDATA[org.openqa.selenium.TimeoutException: Expected condition failed: waiting for element found by By.xpath: //*[@id="tb-tarjetas"]/tbody/tr/td[7] to have text "GARCIA JUAN BANDERA". Current text: "null" (tried for 10 second(s) with 500 milliseconds interval)
Build info: version: '3.141.59', revision: 'e82be7d358', time: '2018-11-14T08:17:03'
System info: host: 'P2908-W10', ip: '10.181.2.164', os.name: 'Windows 10', os.arch: 'amd64', os.version: '10.0', java.version: '15.0.2'
Driver info: org.openqa.selenium.chrome.ChromeDriver
Capabilities {acceptInsecureCerts: false, browserName: chrome, browserVersion: 91.0.4472.77, chrome: {chromedriverVersion: 91.0.4472.19 (1bf021f248676..., userDataDir: C:\Users\s6169rc\AppData\Lo...}, goog:chromeOptions: {debuggerAddress: localhost:52513}, javascriptEnabled: true, networkConnectionEnabled: false, pageLoadStrategy: normal, platform: WINDOWS, platformName: WINDOWS, proxy: Proxy(), setWindowRect: true, strictFileInteractability: false, timeouts: {implicit: 0, pageLoad: 300000, script: 30000}, unhandledPromptBehavior: dismiss and notify, webauthn:extension:largeBlob: true, webauthn:virtualAuthenticators: true}
Session ID: 60d8f955e28ba13daa5a682d860ffe50
at org.openqa.selenium.support.ui.WebDriverWait.timeoutException(WebDriverWait.java:95)
at org.openqa.selenium.support.ui.FluentWait.until(FluentWait.java:272)
at pages.TotalesTarjetaPage.getMovimientos(TotalesTarjetaPage.java:101)
at tests.TestTotalesTarjetaTitular.testSeleccionarFiltro(TestTotalesTarjetaTitular.java:72)
at java.base/java.util.ArrayList.forEach(ArrayList.java:1511)
... Removed 27 stack frames]]>
    </failure>
  </testcase> <!-- testSeleccionarFiltro -->
  <testcase classname="tests.TestTotalesTarjetaTitular" name="testTotales" time="5.326"/>
  <testcase classname="tests.TestConsultasOnlineAdminEmpresa" name="consultaOnline" time="5.477"/>
  <testcase classname="tests.TestTotalesTarjetaAdminGrupo" name="testBorrarFiltro" time="5.641"/>
  <testcase classname="tests.TestTotalesTarjetaAdminGrupo" name="testFiltroSinNombre" time="3.929"/>
  <testcase classname="tests.TestTotalesTarjetaAdminGrupo" name="testGuardarFiltro" time="5.945"/>
  <testcase classname="tests.TestTotalesTarjetaAdminGrupo" name="testLimpiarFiltros" time="4.412"/>
  <testcase classname="tests.TestTotalesTarjetaAdminGrupo" name="testNoGrupoNoEmpresa" time="3.627"/>
  <testcase classname="tests.TestTotalesTarjetaAdminGrupo" name="testSeleccionarFiltro" time="5.971"/>
  <testcase classname="tests.TestTotalesTarjetaAdminGrupo" name="testTotales" time="5.062"/>
  <testcase classname="tests.TestLiquidacionTarjetastitular" name="testBorrarFiltro" time="4.776"/>
  <testcase classname="tests.TestLiquidacionTarjetastitular" name="testFiltroSinNombre" time="3.977"/>
  <testcase classname="tests.TestLiquidacionTarjetastitular" name="testGuardarFiltro" time="5.098"/>
  <testcase classname="tests.TestLiquidacionTarjetastitular" name="testLimpiarFiltros" time="4.377"/>
  <testcase classname="tests.TestLiquidacionTarjetastitular" name="testMovimientos" time="4.943"/>
  <testcase classname="tests.TestLiquidacionTarjetastitular" name="testSeleccionarFiltro" time="5.77"/>
  <testcase classname="tests.TestConsultasOnline" name="consultaOnline" time="4.309"/>
  <testcase classname="tests.TestDatosTarjetasAdminGrupo" name="testBorrarFiltro" time="4.777"/>
  <testcase classname="tests.TestDatosTarjetasAdminGrupo" name="testDatosTarjetas" time="4.442"/>
  <testcase classname="tests.TestDatosTarjetasAdminGrupo" name="testFiltroSinNombre" time="4.427"/>
  <testcase classname="tests.TestDatosTarjetasAdminGrupo" name="testGuardarFiltro" time="8.768"/>
  <testcase classname="tests.TestDatosTarjetasAdminGrupo" name="testLimpiarFiltros" time="4.062"/>
  <testcase classname="tests.TestDatosTarjetasAdminGrupo" name="testNoGrupoNoEmpresa" time="4.4"/>
  <testcase classname="tests.TestDatosTarjetasAdminGrupo" name="testSeleccionarFiltro" time="5.231"/>
  <testcase classname="tests.TestMovimientosTitular" name="testBorrarFiltro" time="8.027"/>
  <testcase classname="tests.TestMovimientosTitular" name="testFiltroSinNombre" time="3.799"/>
  <testcase classname="tests.TestMovimientosTitular" name="testGuardarFiltro" time="5.382"/>
  <testcase classname="tests.TestMovimientosTitular" name="testLimpiarFiltros" time="5.882"/>
  <testcase classname="tests.TestMovimientosTitular" name="testMovimientos" time="4.947"/>
  <testcase classname="tests.TestMovimientosTitular" name="testSeleccionarFiltro" time="5.794"/>
  <testcase classname="tests.TestMovimientosAdminGrupo" name="testBorrarFiltro" time="4.577"/>
  <testcase classname="tests.TestMovimientosAdminGrupo" name="testFiltroSinNombre" time="4.149"/>
  <testcase classname="tests.TestMovimientosAdminGrupo" name="testGuardarFiltro" time="5.684"/>
  <testcase classname="tests.TestMovimientosAdminGrupo" name="testLimpiarFiltros" time="4.617"/>
  <testcase classname="tests.TestMovimientosAdminGrupo" name="testMovimientos" time="4.937"/>
  <testcase classname="tests.TestMovimientosAdminGrupo" name="testNoGrupoNoEmpresa" time="3.221"/>
  <testcase classname="tests.TestMovimientosAdminGrupo" name="testSeleccionarFiltro" time="5.523"/>
  <testcase classname="tests.TestDatosTarjetas" name="testBorrarFiltro" time="4.6"/>
  <testcase classname="tests.TestDatosTarjetas" name="testDatosTarjetas" time="3.763"/>
  <testcase classname="tests.TestDatosTarjetas" name="testFiltroSinNombre" time="3.814"/>
  <testcase classname="tests.TestDatosTarjetas" name="testGuardarFiltro" time="5.057"/>
  <testcase classname="tests.TestDatosTarjetas" name="testLimpiarFiltros" time="3.217"/>
  <testcase classname="tests.TestDatosTarjetas" name="testNoGrupoNoEmpresa" time="3.075"/>
  <testcase classname="tests.TestDatosTarjetas" name="testSeleccionarFiltro" time="4.524"/>
  <testcase classname="tests.TestLiquidacionTarjetasAdminEmpresa" name="testBorrarFiltro" time="5.175"/>
  <testcase classname="tests.TestLiquidacionTarjetasAdminEmpresa" name="testFiltroSinNombre" time="4.081"/>
  <testcase classname="tests.TestLiquidacionTarjetasAdminEmpresa" name="testGuardarFiltro" time="5.26"/>
  <testcase classname="tests.TestLiquidacionTarjetasAdminEmpresa" name="testLimpiarFiltros" time="4.428"/>
  <testcase classname="tests.TestLiquidacionTarjetasAdminEmpresa" name="testLiquidaciones" time="5.146"/>
  <testcase classname="tests.TestLiquidacionTarjetasAdminEmpresa" name="testNoEmpresa" time="3.642"/>
  <testcase classname="tests.TestLiquidacionTarjetasAdminEmpresa" name="testSeleccionarFiltro" time="4.891"/>
  <testcase classname="tests.TestMovimientos" name="testBorrarFiltro" time="4.715"/>
  <testcase classname="tests.TestMovimientos" name="testBorrarFiltro" time="4.686"/>
  <testcase classname="tests.TestMovimientos" name="testBorrarFiltro" time="5.909"/>
  <testcase classname="tests.TestMovimientos" name="testFiltroSinNombre" time="3.709"/>
  <testcase classname="tests.TestMovimientos" name="testFiltroSinNombre" time="4.329"/>
  <testcase classname="tests.TestMovimientos" name="testFiltroSinNombre" time="5.312"/>
  <testcase classname="tests.TestMovimientos" name="testGuardarFiltro" time="8.8"/>
  <testcase classname="tests.TestMovimientos" name="testGuardarFiltro" time="6.035"/>
  <testcase classname="tests.TestMovimientos" name="testGuardarFiltro" time="5.409"/>
  <testcase classname="tests.TestMovimientos" name="testLimpiarFiltros" time="3.874"/>
  <testcase classname="tests.TestMovimientos" name="testLimpiarFiltros" time="4.17"/>
  <testcase classname="tests.TestMovimientos" name="testLimpiarFiltros" time="5.049"/>
  <testcase classname="tests.TestMovimientos" name="testMovimientos" time="4.916"/>
  <testcase classname="tests.TestMovimientos" name="testMovimientos" time="4.494"/>
  <testcase classname="tests.TestMovimientos" name="testMovimientos" time="5.278"/>
  <testcase classname="tests.TestMovimientos" name="testNoGrupoNoEmpresa" time="3.757"/>
  <testcase classname="tests.TestMovimientos" name="testNoGrupoNoEmpresa" time="3.555"/>
  <testcase classname="tests.TestMovimientos" name="testNoGrupoNoEmpresa" time="10.121"/>
  <testcase classname="tests.TestMovimientos" name="testSeleccionarFiltro" time="5.321"/>
  <testcase classname="tests.TestMovimientos" name="testSeleccionarFiltro" time="6.582"/>
  <testcase classname="tests.TestMovimientos" name="testSeleccionarFiltro" time="6.09"/>
  <testcase classname="tests.TestTotalesTarjeta" name="testBorrarFiltro" time="4.387"/>
  <testcase classname="tests.TestTotalesTarjeta" name="testFiltroSinNombre" time="4.345"/>
  <testcase classname="tests.TestTotalesTarjeta" name="testGuardarFiltro" time="5.605"/>
  <testcase classname="tests.TestTotalesTarjeta" name="testLimpiarFiltros" time="4.028"/>
  <testcase classname="tests.TestTotalesTarjeta" name="testNoGrupoNoEmpresa" time="2.919"/>
  <testcase classname="tests.TestTotalesTarjeta" name="testSeleccionarFiltro" time="5.039"/>
  <testcase classname="tests.TestTotalesTarjeta" name="testTotalesTajeta" time="4.541"/>
  <testcase classname="tests.TestConsultasOnlineAdminGrupo" name="consultaOnline" time="6.564"/>
  <testcase classname="tests.TestTotalesTarjetaAdminEmpresa" name="testBorrarFiltro" time="5.212"/>
  <testcase classname="tests.TestTotalesTarjetaAdminEmpresa" name="testFiltroSinNombre" time="6.15"/>
  <testcase classname="tests.TestTotalesTarjetaAdminEmpresa" name="testGuardarFiltro" time="4.922"/>
  <testcase classname="tests.TestTotalesTarjetaAdminEmpresa" name="testLimpiarFiltros" time="4.654"/>
  <testcase classname="tests.TestTotalesTarjetaAdminEmpresa" name="testNoEmpresa" time="3.57"/>
  <testcase classname="tests.TestTotalesTarjetaAdminEmpresa" name="testSeleccionarFiltro" time="5.922"/>
  <testcase classname="tests.TestTotalesTarjetaAdminEmpresa" name="testTotales" time="4.884"/>
  <testcase classname="tests.TestLogin" name="testLoginError" time="0.984"/>
  <testcase classname="tests.TestLogin" name="testLoginExito" time="1.794"/>
  <testcase classname="tests.TestLogin" name="testLoginExito" time="1.785"/>
  <testcase classname="tests.TestLogin" name="testLoginExito" time="1.535"/>
  <testcase classname="tests.TestDatosTarjetasAdminEmpresa" name="testBorrarFiltro" time="5.195"/>
  <testcase classname="tests.TestDatosTarjetasAdminEmpresa" name="testDatosTarjetas" time="3.933"/>
  <testcase classname="tests.TestDatosTarjetasAdminEmpresa" name="testFiltroSinNombre" time="6.166"/>
  <testcase classname="tests.TestDatosTarjetasAdminEmpresa" name="testGuardarFiltro" time="5.119"/>
  <testcase classname="tests.TestDatosTarjetasAdminEmpresa" name="testLimpiarFiltros" time="3.699"/>
  <testcase classname="tests.TestDatosTarjetasAdminEmpresa" name="testNoEmpresa" time="3.883"/>
  <testcase classname="tests.TestDatosTarjetasAdminEmpresa" name="testSeleccionarFiltro" time="5.356"/>
</testsuite> <!-- Test -->
